<?xml version="1.0" encoding="UTF-8"?>
<testng-results ignored="0" total="1" passed="1" failed="0" skipped="0">
  <reporter-output>
  </reporter-output>
  <suite started-at="2023-03-17T19:42:47 NZDT" name="Default suite" finished-at="2023-03-17T19:43:07 NZDT" duration-ms="19832">
    <groups>
    </groups>
    <test started-at="2023-03-17T19:42:47 NZDT" name="Default test" finished-at="2023-03-17T19:43:07 NZDT" duration-ms="19832">
      <class name="com.mobileapp.DragandDropDemo">
        <test-method is-config="true" signature="configurAppium()[pri:0, instance:com.mobileapp.DragandDropDemo@60099951]" started-at="2023-03-17T19:42:47 NZDT" name="configurAppium" finished-at="2023-03-17T19:42:56 NZDT" duration-ms="8330" status="PASS">
          <reporter-output>
          </reporter-output>
        </test-method> <!-- configurAppium -->
        <test-method signature="test()[pri:0, instance:com.mobileapp.DragandDropDemo@60099951]" started-at="2023-03-17T19:42:56 NZDT" name="test" finished-at="2023-03-17T19:43:07 NZDT" duration-ms="11171" status="PASS">
          <reporter-output>
          </reporter-output>
        </test-method> <!-- test -->
        <test-method is-config="true" signature="tearDown()[pri:0, instance:com.mobileapp.DragandDropDemo@60099951]" started-at="2023-03-17T19:43:07 NZDT" name="tearDown" finished-at="2023-03-17T19:43:07 NZDT" duration-ms="283" status="PASS">
          <reporter-output>
          </reporter-output>
        </test-method> <!-- tearDown -->
      </class> <!-- com.mobileapp.DragandDropDemo -->
    </test> <!-- Default test -->
  </suite> <!-- Default suite -->
</testng-results>
