<?xml version="1.0" encoding="UTF-8"?>
<testng-results ignored="0" total="2" passed="2" failed="0" skipped="0">
  <reporter-output>
  </reporter-output>
  <suite started-at="2022-12-20T12:26:26 IST" name="Default suite" finished-at="2022-12-20T12:26:43 IST" duration-ms="16319">
    <groups>
    </groups>
    <test started-at="2022-12-20T12:26:26 IST" name="Default test" finished-at="2022-12-20T12:26:43 IST" duration-ms="16319">
      <class name="com.mvn.LoginPage">
        <test-method is-config="true" signature="beforemethod()[pri:0, instance:com.mvn.LoginPage@7fee8714]" started-at="2022-12-20T12:26:26 IST" name="beforemethod" finished-at="2022-12-20T12:26:26 IST" duration-ms="17" status="PASS">
          <reporter-output>
          </reporter-output>
        </test-method> <!-- beforemethod -->
        <test-method is-config="true" signature="beforeclass()[pri:0, instance:com.mvn.LoginPage@7fee8714]" started-at="2022-12-20T12:26:26 IST" name="beforeclass" finished-at="2022-12-20T12:26:32 IST" duration-ms="5553" status="PASS">
          <reporter-output>
          </reporter-output>
        </test-method> <!-- beforeclass -->
        <test-method signature="loginDetails()[pri:0, instance:com.mvn.LoginPage@7fee8714]" started-at="2022-12-20T12:26:32 IST" name="loginDetails" finished-at="2022-12-20T12:26:39 IST" duration-ms="6553" status="PASS">
          <reporter-output>
          </reporter-output>
        </test-method> <!-- loginDetails -->
        <test-method signature="addToCartDetails()[pri:2, instance:com.mvn.LoginPage@7fee8714]" started-at="2022-12-20T12:26:39 IST" name="addToCartDetails" finished-at="2022-12-20T12:26:41 IST" duration-ms="2096" status="PASS">
          <reporter-output>
          </reporter-output>
        </test-method> <!-- addToCartDetails -->
        <test-method is-config="true" signature="afterclass()[pri:0, instance:com.mvn.LoginPage@7fee8714]" started-at="2022-12-20T12:26:41 IST" name="afterclass" finished-at="2022-12-20T12:26:43 IST" duration-ms="2045" status="PASS">
          <reporter-output>
          </reporter-output>
        </test-method> <!-- afterclass -->
      </class> <!-- com.mvn.LoginPage -->
    </test> <!-- Default test -->
  </suite> <!-- Default suite -->
</testng-results>
