<?xml version="1.0" encoding="UTF-8"?>
<testng-results ignored="0" total="1" passed="1" failed="0" skipped="0">
  <reporter-output>
  </reporter-output>
  <suite started-at="2022-12-02T12:21:15 IST" name="Default suite" finished-at="2022-12-02T12:21:15 IST" duration-ms="107">
    <groups>
    </groups>
    <test started-at="2022-12-02T12:21:15 IST" name="Default test" finished-at="2022-12-02T12:21:15 IST" duration-ms="107">
      <class name="com.mvn.FirstNGDemo">
        <test-method signature="test()[pri:0, instance:com.mvn.FirstNGDemo@3232a28a]" started-at="2022-12-02T12:21:15 IST" name="test" finished-at="2022-12-02T12:21:15 IST" duration-ms="27" status="PASS">
          <reporter-output>
          </reporter-output>
        </test-method> <!-- test -->
      </class> <!-- com.mvn.FirstNGDemo -->
    </test> <!-- Default test -->
  </suite> <!-- Default suite -->
</testng-results>
