<?xml version="1.0" encoding="UTF-8"?>
<testng-results ignored="0" total="2" passed="2" failed="0" skipped="0">
  <reporter-output>
  </reporter-output>
  <suite started-at="2022-11-25T13:29:13 IST" name="Default suite" finished-at="2022-11-25T13:29:46 IST" duration-ms="33256">
    <groups>
    </groups>
    <test started-at="2022-11-25T13:29:13 IST" name="Default test" finished-at="2022-11-25T13:29:46 IST" duration-ms="33256">
      <class name="com.ng2.DataProviderDemo">
        <test-method signature="test(java.lang.String,java.lang.String)[pri:0, instance:com.ng2.DataProviderDemo@67080771]" started-at="2022-11-25T13:29:13 IST" name="test" data-provider="rahul" finished-at="2022-11-25T13:29:30 IST" duration-ms="17203" status="PASS">
          <params>
            <param index="0">
              <value>
                <![CDATA[standard_user]]>
              </value>
            </param>
            <param index="1">
              <value>
                <![CDATA[secret_sauce]]>
              </value>
            </param>
          </params>
          <reporter-output>
          </reporter-output>
        </test-method> <!-- test -->
        <test-method signature="test(java.lang.String,java.lang.String)[pri:0, instance:com.ng2.DataProviderDemo@67080771]" started-at="2022-11-25T13:29:30 IST" name="test" data-provider="rahul" finished-at="2022-11-25T13:29:46 IST" duration-ms="15945" status="PASS">
          <params>
            <param index="0">
              <value>
                <![CDATA[problem_user]]>
              </value>
            </param>
            <param index="1">
              <value>
                <![CDATA[secret_sauce]]>
              </value>
            </param>
          </params>
          <reporter-output>
          </reporter-output>
        </test-method> <!-- test -->
      </class> <!-- com.ng2.DataProviderDemo -->
    </test> <!-- Default test -->
  </suite> <!-- Default suite -->
</testng-results>
