<?xml version="1.0" encoding="UTF-8"?>
<testng-results ignored="0" total="1" passed="1" failed="0" skipped="0">
  <reporter-output>
  </reporter-output>
  <suite started-at="2022-12-12T13:33:25 IST" name="Default suite" finished-at="2022-12-12T13:33:40 IST" duration-ms="14388">
    <groups>
    </groups>
    <test started-at="2022-12-12T13:33:25 IST" name="Default test" finished-at="2022-12-12T13:33:40 IST" duration-ms="14388">
      <class name="com.extra.RobotDemo">
        <test-method signature="test()[pri:0, instance:com.extra.RobotDemo@2accdbb5]" started-at="2022-12-12T13:33:25 IST" name="test" finished-at="2022-12-12T13:33:40 IST" duration-ms="14367" status="PASS">
          <reporter-output>
          </reporter-output>
        </test-method> <!-- test -->
      </class> <!-- com.extra.RobotDemo -->
    </test> <!-- Default test -->
  </suite> <!-- Default suite -->
</testng-results>
